  Main.cpp
C:\Users\danie\source\repos\AI_Assignment_Genetic_Algorithm\AI_Assignment_Genetic_Algorithm\Chromosome.h(115,21): warning C4244: '=': conversion from 'int' to 'float', possible loss of data
C:\Users\danie\source\repos\AI_Assignment_Genetic_Algorithm\AI_Assignment_Genetic_Algorithm\Chromosome.h(116,21): warning C4244: '=': conversion from 'int' to 'float', possible loss of data
C:\Users\danie\source\repos\AI_Assignment_Genetic_Algorithm\AI_Assignment_Genetic_Algorithm\Chromosome.h(135,22): warning C4244: '=': conversion from 'double' to 'float', possible loss of data
C:\Users\danie\source\repos\AI_Assignment_Genetic_Algorithm\AI_Assignment_Genetic_Algorithm\Main.cpp(70,63): warning C4244: 'argument': conversion from 'int' to 'float', possible loss of data
C:\Users\danie\source\repos\AI_Assignment_Genetic_Algorithm\AI_Assignment_Genetic_Algorithm\Main.cpp(70,56): warning C4244: 'argument': conversion from 'int' to 'float', possible loss of data
C:\Users\danie\source\repos\AI_Assignment_Genetic_Algorithm\AI_Assignment_Genetic_Algorithm\Main.cpp(93,22): warning C4018: '<': signed/unsigned mismatch
C:\Users\danie\source\repos\AI_Assignment_Genetic_Algorithm\AI_Assignment_Genetic_Algorithm\Main.cpp(120,22): warning C4244: '=': conversion from 'double' to 'float', possible loss of data
C:\Users\danie\source\repos\AI_Assignment_Genetic_Algorithm\AI_Assignment_Genetic_Algorithm\Main.cpp(153,27): warning C4305: 'initializing': truncation from 'double' to 'float'
C:\Users\danie\source\repos\AI_Assignment_Genetic_Algorithm\AI_Assignment_Genetic_Algorithm\Main.cpp(158,22): warning C4244: '=': conversion from 'double' to 'float', possible loss of data
C:\Users\danie\source\repos\AI_Assignment_Genetic_Algorithm\AI_Assignment_Genetic_Algorithm\Main.cpp(171,22): warning C4018: '<': signed/unsigned mismatch
C:\Users\danie\source\repos\AI_Assignment_Genetic_Algorithm\AI_Assignment_Genetic_Algorithm\Main.cpp(217,22): warning C4244: '=': conversion from 'double' to 'float', possible loss of data
C:\Users\danie\source\repos\AI_Assignment_Genetic_Algorithm\AI_Assignment_Genetic_Algorithm\Main.cpp(390,20): warning C4018: '<': signed/unsigned mismatch
C:\Users\danie\source\repos\AI_Assignment_Genetic_Algorithm\AI_Assignment_Genetic_Algorithm\Main.cpp(443,44): warning C4244: 'argument': conversion from 'double' to 'int', possible loss of data
C:\Users\danie\source\repos\AI_Assignment_Genetic_Algorithm\AI_Assignment_Genetic_Algorithm\Main.cpp(443,39): warning C4244: 'argument': conversion from 'double' to 'int', possible loss of data
C:\Users\danie\source\repos\AI_Assignment_Genetic_Algorithm\AI_Assignment_Genetic_Algorithm\Main.cpp(379,6): warning C4101: 'sfDistance': unreferenced local variable
  Generating code
  10 of 498 functions ( 2.0%) were compiled, the rest were copied from previous compilation.
    0 functions were new in current compilation
    16 functions had inline decision re-evaluated but remain unchanged
  Finished generating code
  AI_Assignment_Genetic_Algorithm.vcxproj -> C:\Users\danie\source\repos\AI_Assignment_Genetic_Algorithm\Release\AI_Assignment_Genetic_Algorithm.exe
